{"/Users/olive/Coding/GitHub/wheels/src/game/rng.ts": {"path":"/Users/olive/Coding/GitHub/wheels/src/game/rng.ts","statementMap":{"0":{"start":{"line":8,"column":10},"end":{"line":8,"column":null}},"1":{"start":{"line":9,"column":2},"end":{"line":13,"column":null}},"2":{"start":{"line":10,"column":4},"end":{"line":10,"column":null}},"3":{"start":{"line":11,"column":12},"end":{"line":11,"column":44}},"4":{"start":{"line":12,"column":4},"end":{"line":12,"column":null}},"5":{"start":{"line":13,"column":4},"end":{"line":13,"column":null}},"6":{"start":{"line":22,"column":16},"end":{"line":22,"column":49}},"7":{"start":{"line":23,"column":2},"end":{"line":23,"column":null}}},"fnMap":{"0":{"name":"createRng","decl":{"start":{"line":7,"column":16},"end":{"line":7,"column":26}},"loc":{"start":{"line":7,"column":54},"end":{"line":13,"column":null}},"line":7},"1":{"name":"(anonymous_1)","decl":{"start":{"line":9,"column":2},"end":{"line":9,"column":15}},"loc":{"start":{"line":9,"column":15},"end":{"line":13,"column":null}},"line":9},"2":{"name":"rollWheel","decl":{"start":{"line":21,"column":16},"end":{"line":21,"column":26}},"loc":{"start":{"line":21,"column":90},"end":{"line":23,"column":null}},"line":21}},"branchMap":{},"s":{"0":8,"1":8,"2":1330,"3":1330,"4":1330,"5":1330,"6":110,"7":110},"f":{"0":8,"1":1330,"2":110},"b":{},"meta":{"lastBranch":0,"lastFunction":3,"lastStatement":8,"seen":{"f:7:16:7:26":0,"s:8:10:8:Infinity":0,"s:9:2:13:Infinity":1,"f:9:2:9:15":1,"s:10:4:10:Infinity":2,"s:11:12:11:44":3,"s:12:4:12:Infinity":4,"s:13:4:13:Infinity":5,"f:21:16:21:26":2,"s:22:16:22:49":6,"s:23:2:23:Infinity":7}}}
,"/Users/olive/Coding/GitHub/wheels/src/game/rules/actions.ts": {"path":"/Users/olive/Coding/GitHub/wheels/src/game/rules/actions.ts","statementMap":{"0":{"start":{"line":5,"column":24},"end":{"line":5,"column":null}},"1":{"start":{"line":6,"column":33},"end":{"line":6,"column":71}},"2":{"start":{"line":9,"column":4},"end":{"line":11,"column":41}},"3":{"start":{"line":13,"column":2},"end":{"line":24,"column":null}},"4":{"start":{"line":28,"column":2},"end":{"line":29,"column":null}},"5":{"start":{"line":29,"column":4},"end":{"line":29,"column":null}},"6":{"start":{"line":32,"column":17},"end":{"line":32,"column":null}},"7":{"start":{"line":33,"column":8},"end":{"line":33,"column":null}},"8":{"start":{"line":33,"column":42},"end":{"line":33,"column":null}},"9":{"start":{"line":34,"column":67},"end":{"line":40,"column":null}},"10":{"start":{"line":42,"column":2},"end":{"line":48,"column":null}},"11":{"start":{"line":52,"column":2},"end":{"line":52,"column":null}},"12":{"start":{"line":56,"column":2},"end":{"line":56,"column":null}},"13":{"start":{"line":56,"column":42},"end":{"line":56,"column":44}},"14":{"start":{"line":60,"column":2},"end":{"line":64,"column":null}}},"fnMap":{"0":{"name":"startTurn","decl":{"start":{"line":4,"column":16},"end":{"line":4,"column":26}},"loc":{"start":{"line":4,"column":86},"end":{"line":24,"column":null}},"line":4},"1":{"name":"lockWheel","decl":{"start":{"line":27,"column":16},"end":{"line":27,"column":26}},"loc":{"start":{"line":27,"column":75},"end":{"line":48,"column":null}},"line":27},"2":{"name":"(anonymous_2)","decl":{"start":{"line":33,"column":8},"end":{"line":33,"column":18}},"loc":{"start":{"line":33,"column":42},"end":{"line":33,"column":null}},"line":33},"3":{"name":"canSpin","decl":{"start":{"line":51,"column":16},"end":{"line":51,"column":24}},"loc":{"start":{"line":51,"column":51},"end":{"line":52,"column":null}},"line":51},"4":{"name":"allLocked","decl":{"start":{"line":55,"column":16},"end":{"line":55,"column":26}},"loc":{"start":{"line":55,"column":53},"end":{"line":56,"column":null}},"line":55},"5":{"name":"(anonymous_5)","decl":{"start":{"line":56,"column":29},"end":{"line":56,"column":36}},"loc":{"start":{"line":56,"column":42},"end":{"line":56,"column":44}},"line":56},"6":{"name":"endTurn","decl":{"start":{"line":59,"column":16},"end":{"line":59,"column":24}},"loc":{"start":{"line":59,"column":53},"end":{"line":64,"column":null}},"line":59}},"branchMap":{"0":{"loc":{"start":{"line":9,"column":4},"end":{"line":11,"column":41}},"type":"cond-expr","locations":[{"start":{"line":10,"column":8},"end":{"line":10,"column":41}},{"start":{"line":11,"column":8},"end":{"line":11,"column":41}}],"line":9},"1":{"loc":{"start":{"line":28,"column":2},"end":{"line":29,"column":null}},"type":"if","locations":[{"start":{"line":28,"column":2},"end":{"line":29,"column":null}},{"start":{},"end":{}}],"line":28},"2":{"loc":{"start":{"line":28,"column":6},"end":{"line":28,"column":70}},"type":"binary-expr","locations":[{"start":{"line":28,"column":6},"end":{"line":28,"column":36}},{"start":{"line":28,"column":36},"end":{"line":28,"column":70}}],"line":28},"3":{"loc":{"start":{"line":33,"column":42},"end":{"line":33,"column":null}},"type":"cond-expr","locations":[{"start":{"line":33,"column":61},"end":{"line":33,"column":74}},{"start":{"line":33,"column":74},"end":{"line":33,"column":null}}],"line":33},"4":{"loc":{"start":{"line":52,"column":9},"end":{"line":52,"column":null}},"type":"binary-expr","locations":[{"start":{"line":52,"column":9},"end":{"line":52,"column":39}},{"start":{"line":52,"column":39},"end":{"line":52,"column":null}}],"line":52},"5":{"loc":{"start":{"line":62,"column":19},"end":{"line":62,"column":null}},"type":"cond-expr","locations":[{"start":{"line":62,"column":47},"end":{"line":62,"column":51}},{"start":{"line":62,"column":51},"end":{"line":62,"column":null}}],"line":62}},"s":{"0":3,"1":3,"2":3,"3":3,"4":4,"5":2,"6":2,"7":2,"8":10,"9":2,"10":2,"11":3,"12":2,"13":6,"14":3},"f":{"0":3,"1":4,"2":10,"3":3,"4":2,"5":6,"6":3},"b":{"0":[3,0],"1":[2,2],"2":[4,3],"3":[2,8],"4":[3,2],"5":[2,1]},"meta":{"lastBranch":6,"lastFunction":7,"lastStatement":15,"seen":{"f:4:16:4:26":0,"s:5:24:5:Infinity":0,"s:6:33:6:71":1,"s:9:4:11:41":2,"b:10:8:10:41:11:8:11:41":0,"s:13:2:24:Infinity":3,"f:27:16:27:26":1,"b:28:2:29:Infinity:undefined:undefined:undefined:undefined":1,"s:28:2:29:Infinity":4,"b:28:6:28:36:28:36:28:70":2,"s:29:4:29:Infinity":5,"s:32:17:32:Infinity":6,"s:33:8:33:Infinity":7,"f:33:8:33:18":2,"s:33:42:33:Infinity":8,"b:33:61:33:74:33:74:33:Infinity":3,"s:34:67:40:Infinity":9,"s:42:2:48:Infinity":10,"f:51:16:51:24":3,"s:52:2:52:Infinity":11,"b:52:9:52:39:52:39:52:Infinity":4,"f:55:16:55:26":4,"s:56:2:56:Infinity":12,"f:56:29:56:36":5,"s:56:42:56:44":13,"f:59:16:59:24":6,"s:60:2:64:Infinity":14,"b:62:47:62:51:62:51:62:Infinity":5}}}
,"/Users/olive/Coding/GitHub/wheels/src/game/rules/bulwark.ts": {"path":"/Users/olive/Coding/GitHub/wheels/src/game/rules/bulwark.ts","statementMap":{"0":{"start":{"line":3,"column":27},"end":{"line":3,"column":null}},"1":{"start":{"line":6,"column":2},"end":{"line":7,"column":null}},"2":{"start":{"line":7,"column":4},"end":{"line":7,"column":null}},"3":{"start":{"line":10,"column":21},"end":{"line":10,"column":null}},"4":{"start":{"line":11,"column":2},"end":{"line":20,"column":null}},"5":{"start":{"line":27,"column":2},"end":{"line":28,"column":null}},"6":{"start":{"line":28,"column":4},"end":{"line":28,"column":null}},"7":{"start":{"line":31,"column":17},"end":{"line":31,"column":null}},"8":{"start":{"line":32,"column":21},"end":{"line":32,"column":67}},"9":{"start":{"line":34,"column":2},"end":{"line":35,"column":null}},"10":{"start":{"line":35,"column":4},"end":{"line":35,"column":null}},"11":{"start":{"line":38,"column":2},"end":{"line":47,"column":null}},"12":{"start":{"line":54,"column":2},"end":{"line":55,"column":null}},"13":{"start":{"line":55,"column":4},"end":{"line":55,"column":null}},"14":{"start":{"line":58,"column":21},"end":{"line":58,"column":57}},"15":{"start":{"line":59,"column":2},"end":{"line":68,"column":null}}},"fnMap":{"0":{"name":"decayBulwark","decl":{"start":{"line":5,"column":16},"end":{"line":5,"column":29}},"loc":{"start":{"line":5,"column":95},"end":{"line":20,"column":null}},"line":5},"1":{"name":"buildBulwark","decl":{"start":{"line":23,"column":16},"end":{"line":23,"column":null}},"loc":{"start":{"line":26,"column":47},"end":{"line":47,"column":null}},"line":26},"2":{"name":"damageBulwark","decl":{"start":{"line":50,"column":16},"end":{"line":50,"column":null}},"loc":{"start":{"line":53,"column":47},"end":{"line":68,"column":null}},"line":53}},"branchMap":{"0":{"loc":{"start":{"line":6,"column":2},"end":{"line":7,"column":null}},"type":"if","locations":[{"start":{"line":6,"column":2},"end":{"line":7,"column":null}},{"start":{},"end":{}}],"line":6},"1":{"loc":{"start":{"line":27,"column":2},"end":{"line":28,"column":null}},"type":"if","locations":[{"start":{"line":27,"column":2},"end":{"line":28,"column":null}},{"start":{},"end":{}}],"line":27},"2":{"loc":{"start":{"line":34,"column":2},"end":{"line":35,"column":null}},"type":"if","locations":[{"start":{"line":34,"column":2},"end":{"line":35,"column":null}},{"start":{},"end":{}}],"line":34},"3":{"loc":{"start":{"line":54,"column":2},"end":{"line":55,"column":null}},"type":"if","locations":[{"start":{"line":54,"column":2},"end":{"line":55,"column":null}},{"start":{},"end":{}}],"line":54},"4":{"loc":{"start":{"line":54,"column":6},"end":{"line":54,"column":42}},"type":"binary-expr","locations":[{"start":{"line":54,"column":6},"end":{"line":54,"column":21}},{"start":{"line":54,"column":21},"end":{"line":54,"column":42}}],"line":54}},"s":{"0":3,"1":6,"2":1,"3":5,"4":5,"5":8,"6":2,"7":6,"8":6,"9":6,"10":0,"11":6,"12":4,"13":2,"14":2,"15":2},"f":{"0":6,"1":8,"2":4},"b":{"0":[1,5],"1":[2,6],"2":[0,6],"3":[2,2],"4":[4,3]},"meta":{"lastBranch":5,"lastFunction":3,"lastStatement":16,"seen":{"s:3:27:3:Infinity":0,"f:5:16:5:29":0,"b:6:2:7:Infinity:undefined:undefined:undefined:undefined":0,"s:6:2:7:Infinity":1,"s:7:4:7:Infinity":2,"s:10:21:10:Infinity":3,"s:11:2:20:Infinity":4,"f:23:16:23:Infinity":1,"b:27:2:28:Infinity:undefined:undefined:undefined:undefined":1,"s:27:2:28:Infinity":5,"s:28:4:28:Infinity":6,"s:31:17:31:Infinity":7,"s:32:21:32:67":8,"b:34:2:35:Infinity:undefined:undefined:undefined:undefined":2,"s:34:2:35:Infinity":9,"s:35:4:35:Infinity":10,"s:38:2:47:Infinity":11,"f:50:16:50:Infinity":2,"b:54:2:55:Infinity:undefined:undefined:undefined:undefined":3,"s:54:2:55:Infinity":12,"b:54:6:54:21:54:21:54:42":4,"s:55:4:55:Infinity":13,"s:58:21:58:57":14,"s:59:2:68:Infinity":15}}}
,"/Users/olive/Coding/GitHub/wheels/src/game/rules/energy.ts": {"path":"/Users/olive/Coding/GitHub/wheels/src/game/rules/energy.ts","statementMap":{"0":{"start":{"line":4,"column":2},"end":{"line":4,"column":null}},"1":{"start":{"line":12,"column":20},"end":{"line":12,"column":null}},"2":{"start":{"line":14,"column":2},"end":{"line":18,"column":null}},"3":{"start":{"line":15,"column":4},"end":{"line":18,"column":null}},"4":{"start":{"line":21,"column":2},"end":{"line":24,"column":null}},"5":{"start":{"line":28,"column":2},"end":{"line":28,"column":null}}},"fnMap":{"0":{"name":"calculateEnergy","decl":{"start":{"line":3,"column":16},"end":{"line":3,"column":32}},"loc":{"start":{"line":3,"column":61},"end":{"line":4,"column":null}},"line":3},"1":{"name":"addEnergy","decl":{"start":{"line":7,"column":16},"end":{"line":7,"column":null}},"loc":{"start":{"line":11,"column":43},"end":{"line":24,"column":null}},"line":11},"2":{"name":"removeEnergy","decl":{"start":{"line":27,"column":16},"end":{"line":27,"column":29}},"loc":{"start":{"line":27,"column":73},"end":{"line":28,"column":null}},"line":27}},"branchMap":{"0":{"loc":{"start":{"line":14,"column":2},"end":{"line":18,"column":null}},"type":"if","locations":[{"start":{"line":14,"column":2},"end":{"line":18,"column":null}},{"start":{},"end":{}}],"line":14}},"s":{"0":31,"1":5,"2":5,"3":3,"4":2,"5":3},"f":{"0":31,"1":5,"2":3},"b":{"0":[3,2]},"meta":{"lastBranch":1,"lastFunction":3,"lastStatement":6,"seen":{"f:3:16:3:32":0,"s:4:2:4:Infinity":0,"f:7:16:7:Infinity":1,"s:12:20:12:Infinity":1,"b:14:2:18:Infinity:undefined:undefined:undefined:undefined":0,"s:14:2:18:Infinity":2,"s:15:4:18:Infinity":3,"s:21:2:24:Infinity":4,"f:27:16:27:29":2,"s:28:2:28:Infinity":5}}}
,"/Users/olive/Coding/GitHub/wheels/src/game/rules/figurines.ts": {"path":"/Users/olive/Coding/GitHub/wheels/src/game/rules/figurines.ts","statementMap":{"0":{"start":{"line":4,"column":2},"end":{"line":4,"column":null}},"1":{"start":{"line":7,"column":70},"end":{"line":50,"column":null}},"2":{"start":{"line":53,"column":2},"end":{"line":53,"column":null}},"3":{"start":{"line":61,"column":16},"end":{"line":61,"column":46}},"4":{"start":{"line":62,"column":29},"end":{"line":62,"column":31}},"5":{"start":{"line":65,"column":20},"end":{"line":65,"column":null}},"6":{"start":{"line":66,"column":23},"end":{"line":66,"column":null}},"7":{"start":{"line":68,"column":2},"end":{"line":72,"column":null}},"8":{"start":{"line":74,"column":20},"end":{"line":74,"column":null}},"9":{"start":{"line":75,"column":20},"end":{"line":75,"column":null}},"10":{"start":{"line":78,"column":2},"end":{"line":78,"column":null}},"11":{"start":{"line":80,"column":2},"end":{"line":264,"column":null}},"12":{"start":{"line":83,"column":26},"end":{"line":83,"column":null}},"13":{"start":{"line":84,"column":24},"end":{"line":84,"column":null}},"14":{"start":{"line":85,"column":6},"end":{"line":98,"column":null}},"15":{"start":{"line":86,"column":8},"end":{"line":86,"column":null}},"16":{"start":{"line":87,"column":8},"end":{"line":91,"column":null}},"17":{"start":{"line":93,"column":8},"end":{"line":93,"column":null}},"18":{"start":{"line":94,"column":8},"end":{"line":98,"column":null}},"19":{"start":{"line":100,"column":6},"end":{"line":100,"column":null}},"20":{"start":{"line":104,"column":21},"end":{"line":104,"column":null}},"21":{"start":{"line":105,"column":19},"end":{"line":105,"column":59}},"22":{"start":{"line":108,"column":6},"end":{"line":121,"column":null}},"23":{"start":{"line":109,"column":8},"end":{"line":109,"column":null}},"24":{"start":{"line":110,"column":8},"end":{"line":114,"column":null}},"25":{"start":{"line":116,"column":8},"end":{"line":116,"column":null}},"26":{"start":{"line":117,"column":8},"end":{"line":121,"column":null}},"27":{"start":{"line":125,"column":6},"end":{"line":125,"column":null}},"28":{"start":{"line":126,"column":6},"end":{"line":130,"column":null}},"29":{"start":{"line":131,"column":6},"end":{"line":131,"column":null}},"30":{"start":{"line":136,"column":24},"end":{"line":136,"column":null}},"31":{"start":{"line":137,"column":26},"end":{"line":137,"column":null}},"32":{"start":{"line":138,"column":6},"end":{"line":151,"column":null}},"33":{"start":{"line":139,"column":8},"end":{"line":139,"column":null}},"34":{"start":{"line":140,"column":8},"end":{"line":144,"column":null}},"35":{"start":{"line":146,"column":8},"end":{"line":146,"column":null}},"36":{"start":{"line":147,"column":8},"end":{"line":151,"column":null}},"37":{"start":{"line":153,"column":6},"end":{"line":153,"column":null}},"38":{"start":{"line":158,"column":26},"end":{"line":158,"column":null}},"39":{"start":{"line":159,"column":24},"end":{"line":159,"column":null}},"40":{"start":{"line":160,"column":6},"end":{"line":173,"column":null}},"41":{"start":{"line":161,"column":8},"end":{"line":161,"column":null}},"42":{"start":{"line":162,"column":8},"end":{"line":166,"column":null}},"43":{"start":{"line":168,"column":8},"end":{"line":168,"column":null}},"44":{"start":{"line":169,"column":8},"end":{"line":173,"column":null}},"45":{"start":{"line":177,"column":25},"end":{"line":177,"column":null}},"46":{"start":{"line":178,"column":6},"end":{"line":178,"column":null}},"47":{"start":{"line":179,"column":21},"end":{"line":179,"column":null}},"48":{"start":{"line":180,"column":6},"end":{"line":185,"column":null}},"49":{"start":{"line":181,"column":8},"end":{"line":185,"column":null}},"50":{"start":{"line":187,"column":6},"end":{"line":187,"column":null}},"51":{"start":{"line":192,"column":26},"end":{"line":192,"column":null}},"52":{"start":{"line":193,"column":6},"end":{"line":193,"column":null}},"53":{"start":{"line":194,"column":6},"end":{"line":198,"column":null}},"54":{"start":{"line":201,"column":26},"end":{"line":201,"column":null}},"55":{"start":{"line":202,"column":24},"end":{"line":202,"column":79}},"56":{"start":{"line":205,"column":24},"end":{"line":205,"column":70}},"57":{"start":{"line":206,"column":24},"end":{"line":206,"column":70}},"58":{"start":{"line":207,"column":21},"end":{"line":207,"column":null}},"59":{"start":{"line":208,"column":21},"end":{"line":208,"column":null}},"60":{"start":{"line":209,"column":24},"end":{"line":209,"column":null}},"61":{"start":{"line":211,"column":6},"end":{"line":214,"column":null}},"62":{"start":{"line":215,"column":6},"end":{"line":219,"column":null}},"63":{"start":{"line":222,"column":23},"end":{"line":222,"column":null}},"64":{"start":{"line":223,"column":6},"end":{"line":232,"column":null}},"65":{"start":{"line":224,"column":28},"end":{"line":224,"column":67}},"66":{"start":{"line":225,"column":8},"end":{"line":225,"column":null}},"67":{"start":{"line":226,"column":8},"end":{"line":230,"column":null}},"68":{"start":{"line":232,"column":8},"end":{"line":232,"column":null}},"69":{"start":{"line":234,"column":6},"end":{"line":234,"column":null}},"70":{"start":{"line":239,"column":25},"end":{"line":239,"column":null}},"71":{"start":{"line":240,"column":20},"end":{"line":240,"column":null}},"72":{"start":{"line":241,"column":6},"end":{"line":241,"column":null}},"73":{"start":{"line":242,"column":25},"end":{"line":242,"column":null}},"74":{"start":{"line":243,"column":6},"end":{"line":248,"column":null}},"75":{"start":{"line":244,"column":8},"end":{"line":248,"column":null}},"76":{"start":{"line":252,"column":27},"end":{"line":252,"column":null}},"77":{"start":{"line":253,"column":21},"end":{"line":253,"column":76}},"78":{"start":{"line":254,"column":6},"end":{"line":257,"column":null}},"79":{"start":{"line":258,"column":6},"end":{"line":258,"column":null}},"80":{"start":{"line":259,"column":6},"end":{"line":263,"column":null}},"81":{"start":{"line":264,"column":6},"end":{"line":264,"column":null}},"82":{"start":{"line":268,"column":2},"end":{"line":268,"column":null}}},"fnMap":{"0":{"name":"heroTuple","decl":{"start":{"line":3,"column":9},"end":{"line":3,"column":19}},"loc":{"start":{"line":3,"column":71},"end":{"line":4,"column":null}},"line":3},"1":{"name":"getStats","decl":{"start":{"line":52,"column":16},"end":{"line":52,"column":25}},"loc":{"start":{"line":52,"column":72},"end":{"line":53,"column":null}},"line":52},"2":{"name":"activateFigurine","decl":{"start":{"line":56,"column":16},"end":{"line":56,"column":null}},"loc":{"start":{"line":60,"column":72},"end":{"line":268,"column":null}},"line":60}},"branchMap":{"0":{"loc":{"start":{"line":65,"column":20},"end":{"line":65,"column":null}},"type":"cond-expr","locations":[{"start":{"line":65,"column":101},"end":{"line":65,"column":105}},{"start":{"line":65,"column":105},"end":{"line":65,"column":null}}],"line":65},"1":{"loc":{"start":{"line":65,"column":20},"end":{"line":65,"column":101}},"type":"binary-expr","locations":[{"start":{"line":65,"column":20},"end":{"line":65,"column":61}},{"start":{"line":65,"column":61},"end":{"line":65,"column":101}}],"line":65},"2":{"loc":{"start":{"line":66,"column":23},"end":{"line":66,"column":null}},"type":"cond-expr","locations":[{"start":{"line":66,"column":41},"end":{"line":66,"column":45}},{"start":{"line":66,"column":45},"end":{"line":66,"column":null}}],"line":66},"3":{"loc":{"start":{"line":80,"column":2},"end":{"line":264,"column":null}},"type":"switch","locations":[{"start":{"line":81,"column":4},"end":{"line":100,"column":null}},{"start":{"line":103,"column":4},"end":{"line":131,"column":null}},{"start":{"line":134,"column":4},"end":{"line":153,"column":null}},{"start":{"line":156,"column":4},"end":{"line":187,"column":null}},{"start":{"line":190,"column":4},"end":{"line":234,"column":null}},{"start":{"line":237,"column":4},"end":{"line":264,"column":null}}],"line":80},"4":{"loc":{"start":{"line":83,"column":26},"end":{"line":83,"column":null}},"type":"binary-expr","locations":[{"start":{"line":83,"column":26},"end":{"line":83,"column":49}},{"start":{"line":83,"column":49},"end":{"line":83,"column":null}}],"line":83},"5":{"loc":{"start":{"line":84,"column":24},"end":{"line":84,"column":null}},"type":"binary-expr","locations":[{"start":{"line":84,"column":24},"end":{"line":84,"column":45}},{"start":{"line":84,"column":45},"end":{"line":84,"column":null}}],"line":84},"6":{"loc":{"start":{"line":85,"column":6},"end":{"line":98,"column":null}},"type":"if","locations":[{"start":{"line":85,"column":6},"end":{"line":98,"column":null}},{"start":{"line":92,"column":13},"end":{"line":98,"column":null}}],"line":85},"7":{"loc":{"start":{"line":104,"column":21},"end":{"line":104,"column":null}},"type":"binary-expr","locations":[{"start":{"line":104,"column":21},"end":{"line":104,"column":45}},{"start":{"line":104,"column":45},"end":{"line":104,"column":null}}],"line":104},"8":{"loc":{"start":{"line":105,"column":19},"end":{"line":105,"column":59}},"type":"binary-expr","locations":[{"start":{"line":105,"column":19},"end":{"line":105,"column":41}},{"start":{"line":105,"column":41},"end":{"line":105,"column":59}}],"line":105},"9":{"loc":{"start":{"line":108,"column":6},"end":{"line":121,"column":null}},"type":"if","locations":[{"start":{"line":108,"column":6},"end":{"line":121,"column":null}},{"start":{"line":115,"column":13},"end":{"line":121,"column":null}}],"line":108},"10":{"loc":{"start":{"line":136,"column":24},"end":{"line":136,"column":null}},"type":"binary-expr","locations":[{"start":{"line":136,"column":24},"end":{"line":136,"column":45}},{"start":{"line":136,"column":45},"end":{"line":136,"column":null}}],"line":136},"11":{"loc":{"start":{"line":137,"column":26},"end":{"line":137,"column":null}},"type":"binary-expr","locations":[{"start":{"line":137,"column":26},"end":{"line":137,"column":49}},{"start":{"line":137,"column":49},"end":{"line":137,"column":null}}],"line":137},"12":{"loc":{"start":{"line":138,"column":6},"end":{"line":151,"column":null}},"type":"if","locations":[{"start":{"line":138,"column":6},"end":{"line":151,"column":null}},{"start":{"line":145,"column":13},"end":{"line":151,"column":null}}],"line":138},"13":{"loc":{"start":{"line":158,"column":26},"end":{"line":158,"column":null}},"type":"binary-expr","locations":[{"start":{"line":158,"column":26},"end":{"line":158,"column":49}},{"start":{"line":158,"column":49},"end":{"line":158,"column":null}}],"line":158},"14":{"loc":{"start":{"line":159,"column":24},"end":{"line":159,"column":null}},"type":"binary-expr","locations":[{"start":{"line":159,"column":24},"end":{"line":159,"column":45}},{"start":{"line":159,"column":45},"end":{"line":159,"column":null}}],"line":159},"15":{"loc":{"start":{"line":160,"column":6},"end":{"line":173,"column":null}},"type":"if","locations":[{"start":{"line":160,"column":6},"end":{"line":173,"column":null}},{"start":{"line":167,"column":13},"end":{"line":173,"column":null}}],"line":160},"16":{"loc":{"start":{"line":180,"column":6},"end":{"line":185,"column":null}},"type":"if","locations":[{"start":{"line":180,"column":6},"end":{"line":185,"column":null}},{"start":{},"end":{}}],"line":180},"17":{"loc":{"start":{"line":192,"column":26},"end":{"line":192,"column":null}},"type":"binary-expr","locations":[{"start":{"line":192,"column":26},"end":{"line":192,"column":47}},{"start":{"line":192,"column":47},"end":{"line":192,"column":null}}],"line":192},"18":{"loc":{"start":{"line":201,"column":26},"end":{"line":201,"column":null}},"type":"binary-expr","locations":[{"start":{"line":201,"column":26},"end":{"line":201,"column":41}},{"start":{"line":201,"column":41},"end":{"line":201,"column":null}}],"line":201},"19":{"loc":{"start":{"line":209,"column":24},"end":{"line":209,"column":null}},"type":"cond-expr","locations":[{"start":{"line":209,"column":43},"end":{"line":209,"column":47}},{"start":{"line":209,"column":47},"end":{"line":209,"column":null}}],"line":209},"20":{"loc":{"start":{"line":222,"column":23},"end":{"line":222,"column":null}},"type":"binary-expr","locations":[{"start":{"line":222,"column":23},"end":{"line":222,"column":48}},{"start":{"line":222,"column":48},"end":{"line":222,"column":null}}],"line":222},"21":{"loc":{"start":{"line":223,"column":6},"end":{"line":232,"column":null}},"type":"if","locations":[{"start":{"line":223,"column":6},"end":{"line":232,"column":null}},{"start":{"line":231,"column":13},"end":{"line":232,"column":null}}],"line":223},"22":{"loc":{"start":{"line":239,"column":25},"end":{"line":239,"column":null}},"type":"binary-expr","locations":[{"start":{"line":239,"column":25},"end":{"line":239,"column":42}},{"start":{"line":239,"column":42},"end":{"line":239,"column":null}}],"line":239},"23":{"loc":{"start":{"line":243,"column":6},"end":{"line":248,"column":null}},"type":"if","locations":[{"start":{"line":243,"column":6},"end":{"line":248,"column":null}},{"start":{},"end":{}}],"line":243},"24":{"loc":{"start":{"line":252,"column":27},"end":{"line":252,"column":null}},"type":"binary-expr","locations":[{"start":{"line":252,"column":27},"end":{"line":252,"column":50}},{"start":{"line":252,"column":50},"end":{"line":252,"column":null}}],"line":252}},"s":{"0":55,"1":2,"2":79,"3":24,"4":24,"5":24,"6":24,"7":24,"8":24,"9":24,"10":24,"11":24,"12":8,"13":8,"14":8,"15":2,"16":2,"17":6,"18":6,"19":8,"20":3,"21":3,"22":3,"23":2,"24":2,"25":1,"26":1,"27":3,"28":3,"29":3,"30":2,"31":2,"32":2,"33":1,"34":1,"35":1,"36":1,"37":2,"38":4,"39":4,"40":4,"41":1,"42":1,"43":3,"44":3,"45":4,"46":4,"47":4,"48":4,"49":4,"50":4,"51":3,"52":3,"53":3,"54":3,"55":3,"56":3,"57":3,"58":3,"59":3,"60":3,"61":3,"62":3,"63":3,"64":3,"65":2,"66":2,"67":2,"68":1,"69":3,"70":4,"71":4,"72":4,"73":4,"74":4,"75":4,"76":4,"77":4,"78":4,"79":4,"80":4,"81":4,"82":24},"f":{"0":55,"1":79,"2":24},"b":{"0":[17,7],"1":[24,17],"2":[17,7],"3":[8,3,2,4,3,4],"4":[8,0],"5":[8,0],"6":[2,6],"7":[3,0],"8":[3,0],"9":[2,1],"10":[2,0],"11":[2,0],"12":[1,1],"13":[4,0],"14":[4,0],"15":[1,3],"16":[4,0],"17":[3,0],"18":[3,0],"19":[2,1],"20":[3,0],"21":[2,1],"22":[4,0],"23":[4,0],"24":[4,0]},"meta":{"lastBranch":25,"lastFunction":3,"lastStatement":83,"seen":{"f:3:9:3:19":0,"s:4:2:4:Infinity":0,"s:7:70:50:Infinity":1,"f:52:16:52:25":1,"s:53:2:53:Infinity":2,"f:56:16:56:Infinity":2,"s:61:16:61:46":3,"s:62:29:62:31":4,"s:65:20:65:Infinity":5,"b:65:101:65:105:65:105:65:Infinity":0,"b:65:20:65:61:65:61:65:101":1,"s:66:23:66:Infinity":6,"b:66:41:66:45:66:45:66:Infinity":2,"s:68:2:72:Infinity":7,"s:74:20:74:Infinity":8,"s:75:20:75:Infinity":9,"s:78:2:78:Infinity":10,"b:81:4:100:Infinity:103:4:131:Infinity:134:4:153:Infinity:156:4:187:Infinity:190:4:234:Infinity:237:4:264:Infinity":3,"s:80:2:264:Infinity":11,"s:83:26:83:Infinity":12,"b:83:26:83:49:83:49:83:Infinity":4,"s:84:24:84:Infinity":13,"b:84:24:84:45:84:45:84:Infinity":5,"b:85:6:98:Infinity:92:13:98:Infinity":6,"s:85:6:98:Infinity":14,"s:86:8:86:Infinity":15,"s:87:8:91:Infinity":16,"s:93:8:93:Infinity":17,"s:94:8:98:Infinity":18,"s:100:6:100:Infinity":19,"s:104:21:104:Infinity":20,"b:104:21:104:45:104:45:104:Infinity":7,"s:105:19:105:59":21,"b:105:19:105:41:105:41:105:59":8,"b:108:6:121:Infinity:115:13:121:Infinity":9,"s:108:6:121:Infinity":22,"s:109:8:109:Infinity":23,"s:110:8:114:Infinity":24,"s:116:8:116:Infinity":25,"s:117:8:121:Infinity":26,"s:125:6:125:Infinity":27,"s:126:6:130:Infinity":28,"s:131:6:131:Infinity":29,"s:136:24:136:Infinity":30,"b:136:24:136:45:136:45:136:Infinity":10,"s:137:26:137:Infinity":31,"b:137:26:137:49:137:49:137:Infinity":11,"b:138:6:151:Infinity:145:13:151:Infinity":12,"s:138:6:151:Infinity":32,"s:139:8:139:Infinity":33,"s:140:8:144:Infinity":34,"s:146:8:146:Infinity":35,"s:147:8:151:Infinity":36,"s:153:6:153:Infinity":37,"s:158:26:158:Infinity":38,"b:158:26:158:49:158:49:158:Infinity":13,"s:159:24:159:Infinity":39,"b:159:24:159:45:159:45:159:Infinity":14,"b:160:6:173:Infinity:167:13:173:Infinity":15,"s:160:6:173:Infinity":40,"s:161:8:161:Infinity":41,"s:162:8:166:Infinity":42,"s:168:8:168:Infinity":43,"s:169:8:173:Infinity":44,"s:177:25:177:Infinity":45,"s:178:6:178:Infinity":46,"s:179:21:179:Infinity":47,"b:180:6:185:Infinity:undefined:undefined:undefined:undefined":16,"s:180:6:185:Infinity":48,"s:181:8:185:Infinity":49,"s:187:6:187:Infinity":50,"s:192:26:192:Infinity":51,"b:192:26:192:47:192:47:192:Infinity":17,"s:193:6:193:Infinity":52,"s:194:6:198:Infinity":53,"s:201:26:201:Infinity":54,"b:201:26:201:41:201:41:201:Infinity":18,"s:202:24:202:79":55,"s:205:24:205:70":56,"s:206:24:206:70":57,"s:207:21:207:Infinity":58,"s:208:21:208:Infinity":59,"s:209:24:209:Infinity":60,"b:209:43:209:47:209:47:209:Infinity":19,"s:211:6:214:Infinity":61,"s:215:6:219:Infinity":62,"s:222:23:222:Infinity":63,"b:222:23:222:48:222:48:222:Infinity":20,"b:223:6:232:Infinity:231:13:232:Infinity":21,"s:223:6:232:Infinity":64,"s:224:28:224:67":65,"s:225:8:225:Infinity":66,"s:226:8:230:Infinity":67,"s:232:8:232:Infinity":68,"s:234:6:234:Infinity":69,"s:239:25:239:Infinity":70,"b:239:25:239:42:239:42:239:Infinity":22,"s:240:20:240:Infinity":71,"s:241:6:241:Infinity":72,"s:242:25:242:Infinity":73,"b:243:6:248:Infinity:undefined:undefined:undefined:undefined":23,"s:243:6:248:Infinity":74,"s:244:8:248:Infinity":75,"s:252:27:252:Infinity":76,"b:252:27:252:50:252:50:252:Infinity":24,"s:253:21:253:76":77,"s:254:6:257:Infinity":78,"s:258:6:258:Infinity":79,"s:259:6:263:Infinity":80,"s:264:6:264:Infinity":81,"s:268:2:268:Infinity":82}}}
,"/Users/olive/Coding/GitHub/wheels/src/game/rules/panels.ts": {"path":"/Users/olive/Coding/GitHub/wheels/src/game/rules/panels.ts","statementMap":{"0":{"start":{"line":4,"column":2},"end":{"line":4,"column":null}},"1":{"start":{"line":15,"column":33},"end":{"line":71,"column":null}},"2":{"start":{"line":78,"column":14},"end":{"line":78,"column":null}},"3":{"start":{"line":79,"column":2},"end":{"line":81,"column":null}},"4":{"start":{"line":80,"column":4},"end":{"line":81,"column":null}},"5":{"start":{"line":81,"column":6},"end":{"line":81,"column":null}},"6":{"start":{"line":84,"column":2},"end":{"line":84,"column":null}},"7":{"start":{"line":93,"column":30},"end":{"line":93,"column":null}},"8":{"start":{"line":94,"column":14},"end":{"line":94,"column":null}},"9":{"start":{"line":95,"column":2},"end":{"line":97,"column":null}},"10":{"start":{"line":96,"column":4},"end":{"line":97,"column":null}},"11":{"start":{"line":97,"column":6},"end":{"line":97,"column":null}},"12":{"start":{"line":100,"column":2},"end":{"line":100,"column":null}}},"fnMap":{"0":{"name":"p","decl":{"start":{"line":3,"column":9},"end":{"line":3,"column":11}},"loc":{"start":{"line":3,"column":67},"end":{"line":4,"column":null}},"line":3},"1":{"name":"countSymbols","decl":{"start":{"line":77,"column":16},"end":{"line":77,"column":29}},"loc":{"start":{"line":77,"column":76},"end":{"line":84,"column":null}},"line":77},"2":{"name":"countXp","decl":{"start":{"line":92,"column":16},"end":{"line":92,"column":24}},"loc":{"start":{"line":92,"column":80},"end":{"line":100,"column":null}},"line":92}},"branchMap":{"0":{"loc":{"start":{"line":80,"column":4},"end":{"line":81,"column":null}},"type":"if","locations":[{"start":{"line":80,"column":4},"end":{"line":81,"column":null}},{"start":{},"end":{}}],"line":80},"1":{"loc":{"start":{"line":93,"column":30},"end":{"line":93,"column":null}},"type":"cond-expr","locations":[{"start":{"line":93,"column":51},"end":{"line":93,"column":62}},{"start":{"line":93,"column":62},"end":{"line":93,"column":null}}],"line":93},"2":{"loc":{"start":{"line":96,"column":4},"end":{"line":97,"column":null}},"type":"if","locations":[{"start":{"line":96,"column":4},"end":{"line":97,"column":null}},{"start":{},"end":{}}],"line":96},"3":{"loc":{"start":{"line":96,"column":8},"end":{"line":96,"column":45}},"type":"binary-expr","locations":[{"start":{"line":96,"column":8},"end":{"line":96,"column":20}},{"start":{"line":96,"column":20},"end":{"line":96,"column":45}}],"line":96}},"s":{"0":120,"1":3,"2":43,"3":43,"4":211,"5":70,"6":43,"7":28,"8":28,"9":28,"10":134,"11":8,"12":28},"f":{"0":120,"1":43,"2":28},"b":{"0":[70,141],"1":[14,14],"2":[8,126],"3":[134,14]},"meta":{"lastBranch":4,"lastFunction":3,"lastStatement":13,"seen":{"f:3:9:3:11":0,"s:4:2:4:Infinity":0,"s:15:33:71:Infinity":1,"f:77:16:77:29":1,"s:78:14:78:Infinity":2,"s:79:2:81:Infinity":3,"b:80:4:81:Infinity:undefined:undefined:undefined:undefined":0,"s:80:4:81:Infinity":4,"s:81:6:81:Infinity":5,"s:84:2:84:Infinity":6,"f:92:16:92:24":2,"s:93:30:93:Infinity":7,"b:93:51:93:62:93:62:93:Infinity":1,"s:94:14:94:Infinity":8,"s:95:2:97:Infinity":9,"b:96:4:97:Infinity:undefined:undefined:undefined:undefined":2,"s:96:4:97:Infinity":10,"b:96:8:96:20:96:20:96:45":3,"s:97:6:97:Infinity":11,"s:100:2:100:Infinity":12}}}
,"/Users/olive/Coding/GitHub/wheels/src/game/rules/resolve.ts": {"path":"/Users/olive/Coding/GitHub/wheels/src/game/rules/resolve.ts","statementMap":{"0":{"start":{"line":28,"column":18},"end":{"line":28,"column":null}},"1":{"start":{"line":29,"column":2},"end":{"line":30,"column":null}},"2":{"start":{"line":30,"column":4},"end":{"line":30,"column":null}},"3":{"start":{"line":33,"column":29},"end":{"line":33,"column":31}},"4":{"start":{"line":34,"column":13},"end":{"line":34,"column":null}},"5":{"start":{"line":35,"column":20},"end":{"line":35,"column":null}},"6":{"start":{"line":37,"column":22},"end":{"line":37,"column":55}},"7":{"start":{"line":38,"column":17},"end":{"line":38,"column":50}},"8":{"start":{"line":41,"column":43},"end":{"line":41,"column":45}},"9":{"start":{"line":44,"column":2},"end":{"line":44,"column":null}},"10":{"start":{"line":45,"column":2},"end":{"line":59,"column":null}},"11":{"start":{"line":45,"column":15},"end":{"line":45,"column":18}},"12":{"start":{"line":46,"column":17},"end":{"line":46,"column":null}},"13":{"start":{"line":47,"column":10},"end":{"line":47,"column":47}},"14":{"start":{"line":48,"column":4},"end":{"line":59,"column":null}},"15":{"start":{"line":49,"column":12},"end":{"line":49,"column":43}},"16":{"start":{"line":50,"column":6},"end":{"line":50,"column":null}},"17":{"start":{"line":51,"column":6},"end":{"line":55,"column":null}},"18":{"start":{"line":56,"column":6},"end":{"line":59,"column":null}},"19":{"start":{"line":57,"column":8},"end":{"line":57,"column":null}},"20":{"start":{"line":58,"column":8},"end":{"line":59,"column":null}},"21":{"start":{"line":59,"column":10},"end":{"line":59,"column":null}},"22":{"start":{"line":66,"column":8},"end":{"line":66,"column":53}},"23":{"start":{"line":67,"column":2},"end":{"line":76,"column":null}},"24":{"start":{"line":68,"column":10},"end":{"line":68,"column":66}},"25":{"start":{"line":69,"column":4},"end":{"line":69,"column":null}},"26":{"start":{"line":70,"column":4},"end":{"line":74,"column":null}},"27":{"start":{"line":75,"column":4},"end":{"line":76,"column":null}},"28":{"start":{"line":76,"column":6},"end":{"line":76,"column":null}},"29":{"start":{"line":81,"column":8},"end":{"line":81,"column":53}},"30":{"start":{"line":82,"column":8},"end":{"line":82,"column":55}},"31":{"start":{"line":84,"column":2},"end":{"line":98,"column":null}},"32":{"start":{"line":84,"column":15},"end":{"line":84,"column":18}},"33":{"start":{"line":85,"column":17},"end":{"line":85,"column":null}},"34":{"start":{"line":86,"column":24},"end":{"line":86,"column":null}},"35":{"start":{"line":87,"column":10},"end":{"line":87,"column":53}},"36":{"start":{"line":88,"column":4},"end":{"line":98,"column":null}},"37":{"start":{"line":89,"column":12},"end":{"line":89,"column":50}},"38":{"start":{"line":91,"column":24},"end":{"line":91,"column":null}},"39":{"start":{"line":92,"column":6},"end":{"line":92,"column":null}},"40":{"start":{"line":93,"column":25},"end":{"line":93,"column":null}},"41":{"start":{"line":94,"column":6},"end":{"line":98,"column":null}},"42":{"start":{"line":104,"column":67},"end":{"line":104,"column":null}},"43":{"start":{"line":106,"column":2},"end":{"line":130,"column":null}},"44":{"start":{"line":107,"column":24},"end":{"line":107,"column":73}},"45":{"start":{"line":108,"column":4},"end":{"line":130,"column":null}},"46":{"start":{"line":109,"column":19},"end":{"line":109,"column":null}},"47":{"start":{"line":110,"column":12},"end":{"line":110,"column":50}},"48":{"start":{"line":111,"column":6},"end":{"line":130,"column":null}},"49":{"start":{"line":113,"column":14},"end":{"line":113,"column":70}},"50":{"start":{"line":114,"column":8},"end":{"line":114,"column":null}},"51":{"start":{"line":115,"column":8},"end":{"line":115,"column":null}},"52":{"start":{"line":116,"column":8},"end":{"line":117,"column":null}},"53":{"start":{"line":117,"column":10},"end":{"line":117,"column":null}},"54":{"start":{"line":121,"column":14},"end":{"line":121,"column":60}},"55":{"start":{"line":122,"column":8},"end":{"line":122,"column":null}},"56":{"start":{"line":123,"column":8},"end":{"line":126,"column":null}},"57":{"start":{"line":127,"column":8},"end":{"line":130,"column":null}},"58":{"start":{"line":128,"column":10},"end":{"line":128,"column":null}},"59":{"start":{"line":129,"column":10},"end":{"line":130,"column":null}},"60":{"start":{"line":130,"column":12},"end":{"line":130,"column":null}},"61":{"start":{"line":138,"column":2},"end":{"line":142,"column":null}},"62":{"start":{"line":139,"column":10},"end":{"line":139,"column":42}},"63":{"start":{"line":140,"column":4},"end":{"line":140,"column":null}},"64":{"start":{"line":141,"column":4},"end":{"line":142,"column":null}},"65":{"start":{"line":142,"column":6},"end":{"line":142,"column":null}},"66":{"start":{"line":145,"column":2},"end":{"line":145,"column":null}},"67":{"start":{"line":149,"column":25},"end":{"line":149,"column":63}},"68":{"start":{"line":151,"column":2},"end":{"line":173,"column":null}},"69":{"start":{"line":151,"column":15},"end":{"line":151,"column":18}},"70":{"start":{"line":152,"column":17},"end":{"line":152,"column":null}},"71":{"start":{"line":153,"column":4},"end":{"line":153,"column":null}},"72":{"start":{"line":153,"column":40},"end":{"line":153,"column":null}},"73":{"start":{"line":154,"column":10},"end":{"line":154,"column":48}},"74":{"start":{"line":155,"column":4},"end":{"line":173,"column":null}},"75":{"start":{"line":156,"column":12},"end":{"line":156,"column":68}},"76":{"start":{"line":157,"column":6},"end":{"line":157,"column":null}},"77":{"start":{"line":158,"column":6},"end":{"line":158,"column":null}},"78":{"start":{"line":159,"column":6},"end":{"line":160,"column":null}},"79":{"start":{"line":160,"column":8},"end":{"line":160,"column":null}},"80":{"start":{"line":164,"column":12},"end":{"line":164,"column":56}},"81":{"start":{"line":165,"column":6},"end":{"line":165,"column":null}},"82":{"start":{"line":166,"column":6},"end":{"line":169,"column":null}},"83":{"start":{"line":170,"column":6},"end":{"line":173,"column":null}},"84":{"start":{"line":171,"column":8},"end":{"line":171,"column":null}},"85":{"start":{"line":172,"column":8},"end":{"line":173,"column":null}},"86":{"start":{"line":173,"column":10},"end":{"line":173,"column":null}},"87":{"start":{"line":180,"column":2},"end":{"line":184,"column":null}},"88":{"start":{"line":181,"column":10},"end":{"line":181,"column":42}},"89":{"start":{"line":182,"column":4},"end":{"line":182,"column":null}},"90":{"start":{"line":183,"column":4},"end":{"line":184,"column":null}},"91":{"start":{"line":184,"column":6},"end":{"line":184,"column":null}},"92":{"start":{"line":189,"column":49},"end":{"line":191,"column":31}},"93":{"start":{"line":193,"column":37},"end":{"line":193,"column":null}},"94":{"start":{"line":194,"column":17},"end":{"line":194,"column":null}},"95":{"start":{"line":195,"column":17},"end":{"line":195,"column":null}},"96":{"start":{"line":197,"column":2},"end":{"line":205,"column":null}},"97":{"start":{"line":198,"column":4},"end":{"line":198,"column":null}},"98":{"start":{"line":199,"column":4},"end":{"line":199,"column":null}},"99":{"start":{"line":200,"column":13},"end":{"line":205,"column":null}},"100":{"start":{"line":201,"column":4},"end":{"line":201,"column":null}},"101":{"start":{"line":202,"column":4},"end":{"line":202,"column":null}},"102":{"start":{"line":203,"column":13},"end":{"line":205,"column":null}},"103":{"start":{"line":204,"column":4},"end":{"line":204,"column":null}},"104":{"start":{"line":205,"column":4},"end":{"line":205,"column":null}},"105":{"start":{"line":208,"column":2},"end":{"line":216,"column":null}},"106":{"start":{"line":227,"column":28},"end":{"line":227,"column":30}},"107":{"start":{"line":229,"column":2},"end":{"line":229,"column":null}},"108":{"start":{"line":229,"column":38},"end":{"line":229,"column":null}},"109":{"start":{"line":230,"column":2},"end":{"line":230,"column":null}},"110":{"start":{"line":230,"column":38},"end":{"line":230,"column":null}},"111":{"start":{"line":231,"column":2},"end":{"line":231,"column":null}},"112":{"start":{"line":235,"column":2},"end":{"line":242,"column":null}}},"fnMap":{"0":{"name":"resolve","decl":{"start":{"line":27,"column":16},"end":{"line":27,"column":24}},"loc":{"start":{"line":27,"column":84},"end":{"line":216,"column":null}},"line":27},"1":{"name":"getHeroIndicesByName","decl":{"start":{"line":223,"column":9},"end":{"line":223,"column":null}},"loc":{"start":{"line":226,"column":12},"end":{"line":231,"column":null}},"line":226},"2":{"name":"deepCopyPlayer","decl":{"start":{"line":234,"column":9},"end":{"line":234,"column":24}},"loc":{"start":{"line":234,"column":58},"end":{"line":242,"column":null}},"line":234}},"branchMap":{"0":{"loc":{"start":{"line":29,"column":2},"end":{"line":30,"column":null}},"type":"if","locations":[{"start":{"line":29,"column":2},"end":{"line":30,"column":null}},{"start":{},"end":{}}],"line":29},"1":{"loc":{"start":{"line":35,"column":20},"end":{"line":35,"column":null}},"type":"cond-expr","locations":[{"start":{"line":35,"column":31},"end":{"line":35,"column":35}},{"start":{"line":35,"column":35},"end":{"line":35,"column":null}}],"line":35},"2":{"loc":{"start":{"line":48,"column":4},"end":{"line":59,"column":null}},"type":"if","locations":[{"start":{"line":48,"column":4},"end":{"line":59,"column":null}},{"start":{},"end":{}}],"line":48},"3":{"loc":{"start":{"line":58,"column":8},"end":{"line":59,"column":null}},"type":"if","locations":[{"start":{"line":58,"column":8},"end":{"line":59,"column":null}},{"start":{},"end":{}}],"line":58},"4":{"loc":{"start":{"line":67,"column":2},"end":{"line":76,"column":null}},"type":"if","locations":[{"start":{"line":67,"column":2},"end":{"line":76,"column":null}},{"start":{},"end":{}}],"line":67},"5":{"loc":{"start":{"line":86,"column":24},"end":{"line":86,"column":null}},"type":"cond-expr","locations":[{"start":{"line":86,"column":50},"end":{"line":86,"column":64}},{"start":{"line":86,"column":64},"end":{"line":86,"column":null}}],"line":86},"6":{"loc":{"start":{"line":88,"column":4},"end":{"line":98,"column":null}},"type":"if","locations":[{"start":{"line":88,"column":4},"end":{"line":98,"column":null}},{"start":{},"end":{}}],"line":88},"7":{"loc":{"start":{"line":93,"column":25},"end":{"line":93,"column":null}},"type":"cond-expr","locations":[{"start":{"line":93,"column":51},"end":{"line":93,"column":63}},{"start":{"line":93,"column":63},"end":{"line":93,"column":null}}],"line":93},"8":{"loc":{"start":{"line":111,"column":6},"end":{"line":130,"column":null}},"type":"if","locations":[{"start":{"line":111,"column":6},"end":{"line":130,"column":null}},{"start":{},"end":{}}],"line":111},"9":{"loc":{"start":{"line":129,"column":10},"end":{"line":130,"column":null}},"type":"if","locations":[{"start":{"line":129,"column":10},"end":{"line":130,"column":null}},{"start":{},"end":{}}],"line":129},"10":{"loc":{"start":{"line":153,"column":4},"end":{"line":153,"column":null}},"type":"if","locations":[{"start":{"line":153,"column":4},"end":{"line":153,"column":null}},{"start":{},"end":{}}],"line":153},"11":{"loc":{"start":{"line":155,"column":4},"end":{"line":173,"column":null}},"type":"if","locations":[{"start":{"line":155,"column":4},"end":{"line":173,"column":null}},{"start":{},"end":{}}],"line":155},"12":{"loc":{"start":{"line":172,"column":8},"end":{"line":173,"column":null}},"type":"if","locations":[{"start":{"line":172,"column":8},"end":{"line":173,"column":null}},{"start":{},"end":{}}],"line":172},"13":{"loc":{"start":{"line":189,"column":49},"end":{"line":191,"column":31}},"type":"cond-expr","locations":[{"start":{"line":190,"column":6},"end":{"line":190,"column":31}},{"start":{"line":191,"column":6},"end":{"line":191,"column":31}}],"line":189},"14":{"loc":{"start":{"line":197,"column":2},"end":{"line":205,"column":null}},"type":"if","locations":[{"start":{"line":197,"column":2},"end":{"line":205,"column":null}},{"start":{"line":200,"column":13},"end":{"line":205,"column":null}}],"line":197},"15":{"loc":{"start":{"line":197,"column":6},"end":{"line":197,"column":24}},"type":"binary-expr","locations":[{"start":{"line":197,"column":6},"end":{"line":197,"column":16}},{"start":{"line":197,"column":16},"end":{"line":197,"column":24}}],"line":197},"16":{"loc":{"start":{"line":200,"column":13},"end":{"line":205,"column":null}},"type":"if","locations":[{"start":{"line":200,"column":13},"end":{"line":205,"column":null}},{"start":{"line":203,"column":13},"end":{"line":205,"column":null}}],"line":200},"17":{"loc":{"start":{"line":203,"column":13},"end":{"line":205,"column":null}},"type":"if","locations":[{"start":{"line":203,"column":13},"end":{"line":205,"column":null}},{"start":{},"end":{}}],"line":203},"18":{"loc":{"start":{"line":212,"column":13},"end":{"line":212,"column":null}},"type":"cond-expr","locations":[{"start":{"line":212,"column":31},"end":{"line":212,"column":40}},{"start":{"line":212,"column":40},"end":{"line":212,"column":null}}],"line":212},"19":{"loc":{"start":{"line":229,"column":2},"end":{"line":229,"column":null}},"type":"if","locations":[{"start":{"line":229,"column":2},"end":{"line":229,"column":null}},{"start":{},"end":{}}],"line":229},"20":{"loc":{"start":{"line":230,"column":2},"end":{"line":230,"column":null}},"type":"if","locations":[{"start":{"line":230,"column":2},"end":{"line":230,"column":null}},{"start":{},"end":{}}],"line":230}},"s":{"0":13,"1":13,"2":1,"3":12,"4":12,"5":12,"6":13,"7":13,"8":13,"9":13,"10":13,"11":13,"12":24,"13":24,"14":24,"15":4,"16":4,"17":4,"18":4,"19":1,"20":1,"21":1,"22":12,"23":12,"24":2,"25":2,"26":2,"27":2,"28":2,"29":12,"30":12,"31":12,"32":12,"33":24,"34":24,"35":24,"36":24,"37":7,"38":7,"39":7,"40":7,"41":7,"42":12,"43":12,"44":36,"45":36,"46":4,"47":4,"48":4,"49":4,"50":4,"51":4,"52":4,"53":13,"54":4,"55":4,"56":4,"57":4,"58":0,"59":0,"60":0,"61":12,"62":1,"63":1,"64":1,"65":1,"66":12,"67":12,"68":12,"69":12,"70":24,"71":24,"72":4,"73":20,"74":20,"75":6,"76":6,"77":6,"78":6,"79":13,"80":6,"81":6,"82":6,"83":6,"84":0,"85":0,"86":0,"87":12,"88":0,"89":0,"90":0,"91":0,"92":12,"93":13,"94":13,"95":13,"96":13,"97":1,"98":1,"99":11,"100":0,"101":0,"102":11,"103":1,"104":1,"105":12,"106":36,"107":36,"108":3,"109":36,"110":1,"111":36,"112":24},"f":{"0":13,"1":36,"2":24},"b":{"0":[1,12],"1":[12,0],"2":[4,20],"3":[1,0],"4":[2,10],"5":[12,12],"6":[7,17],"7":[5,2],"8":[4,0],"9":[0,0],"10":[4,20],"11":[6,14],"12":[0,0],"13":[12,0],"14":[1,11],"15":[13,1],"16":[0,11],"17":[1,10],"18":[2,10],"19":[3,33],"20":[1,35]},"meta":{"lastBranch":21,"lastFunction":3,"lastStatement":113,"seen":{"f:27:16:27:24":0,"s:28:18:28:Infinity":0,"b:29:2:30:Infinity:undefined:undefined:undefined:undefined":0,"s:29:2:30:Infinity":1,"s:30:4:30:Infinity":2,"s:33:29:33:31":3,"s:34:13:34:Infinity":4,"s:35:20:35:Infinity":5,"b:35:31:35:35:35:35:35:Infinity":1,"s:37:22:37:55":6,"s:38:17:38:50":7,"s:41:43:41:45":8,"s:44:2:44:Infinity":9,"s:45:2:59:Infinity":10,"s:45:15:45:18":11,"s:46:17:46:Infinity":12,"s:47:10:47:47":13,"b:48:4:59:Infinity:undefined:undefined:undefined:undefined":2,"s:48:4:59:Infinity":14,"s:49:12:49:43":15,"s:50:6:50:Infinity":16,"s:51:6:55:Infinity":17,"s:56:6:59:Infinity":18,"s:57:8:57:Infinity":19,"b:58:8:59:Infinity:undefined:undefined:undefined:undefined":3,"s:58:8:59:Infinity":20,"s:59:10:59:Infinity":21,"s:66:8:66:53":22,"b:67:2:76:Infinity:undefined:undefined:undefined:undefined":4,"s:67:2:76:Infinity":23,"s:68:10:68:66":24,"s:69:4:69:Infinity":25,"s:70:4:74:Infinity":26,"s:75:4:76:Infinity":27,"s:76:6:76:Infinity":28,"s:81:8:81:53":29,"s:82:8:82:55":30,"s:84:2:98:Infinity":31,"s:84:15:84:18":32,"s:85:17:85:Infinity":33,"s:86:24:86:Infinity":34,"b:86:50:86:64:86:64:86:Infinity":5,"s:87:10:87:53":35,"b:88:4:98:Infinity:undefined:undefined:undefined:undefined":6,"s:88:4:98:Infinity":36,"s:89:12:89:50":37,"s:91:24:91:Infinity":38,"s:92:6:92:Infinity":39,"s:93:25:93:Infinity":40,"b:93:51:93:63:93:63:93:Infinity":7,"s:94:6:98:Infinity":41,"s:104:67:104:Infinity":42,"s:106:2:130:Infinity":43,"s:107:24:107:73":44,"s:108:4:130:Infinity":45,"s:109:19:109:Infinity":46,"s:110:12:110:50":47,"b:111:6:130:Infinity:undefined:undefined:undefined:undefined":8,"s:111:6:130:Infinity":48,"s:113:14:113:70":49,"s:114:8:114:Infinity":50,"s:115:8:115:Infinity":51,"s:116:8:117:Infinity":52,"s:117:10:117:Infinity":53,"s:121:14:121:60":54,"s:122:8:122:Infinity":55,"s:123:8:126:Infinity":56,"s:127:8:130:Infinity":57,"s:128:10:128:Infinity":58,"b:129:10:130:Infinity:undefined:undefined:undefined:undefined":9,"s:129:10:130:Infinity":59,"s:130:12:130:Infinity":60,"s:138:2:142:Infinity":61,"s:139:10:139:42":62,"s:140:4:140:Infinity":63,"s:141:4:142:Infinity":64,"s:142:6:142:Infinity":65,"s:145:2:145:Infinity":66,"s:149:25:149:63":67,"s:151:2:173:Infinity":68,"s:151:15:151:18":69,"s:152:17:152:Infinity":70,"b:153:4:153:Infinity:undefined:undefined:undefined:undefined":10,"s:153:4:153:Infinity":71,"s:153:40:153:Infinity":72,"s:154:10:154:48":73,"b:155:4:173:Infinity:undefined:undefined:undefined:undefined":11,"s:155:4:173:Infinity":74,"s:156:12:156:68":75,"s:157:6:157:Infinity":76,"s:158:6:158:Infinity":77,"s:159:6:160:Infinity":78,"s:160:8:160:Infinity":79,"s:164:12:164:56":80,"s:165:6:165:Infinity":81,"s:166:6:169:Infinity":82,"s:170:6:173:Infinity":83,"s:171:8:171:Infinity":84,"b:172:8:173:Infinity:undefined:undefined:undefined:undefined":12,"s:172:8:173:Infinity":85,"s:173:10:173:Infinity":86,"s:180:2:184:Infinity":87,"s:181:10:181:42":88,"s:182:4:182:Infinity":89,"s:183:4:184:Infinity":90,"s:184:6:184:Infinity":91,"s:189:49:191:31":92,"b:190:6:190:31:191:6:191:31":13,"s:193:37:193:Infinity":93,"s:194:17:194:Infinity":94,"s:195:17:195:Infinity":95,"b:197:2:205:Infinity:200:13:205:Infinity":14,"s:197:2:205:Infinity":96,"b:197:6:197:16:197:16:197:24":15,"s:198:4:198:Infinity":97,"s:199:4:199:Infinity":98,"b:200:13:205:Infinity:203:13:205:Infinity":16,"s:200:13:205:Infinity":99,"s:201:4:201:Infinity":100,"s:202:4:202:Infinity":101,"b:203:13:205:Infinity:undefined:undefined:undefined:undefined":17,"s:203:13:205:Infinity":102,"s:204:4:204:Infinity":103,"s:205:4:205:Infinity":104,"s:208:2:216:Infinity":105,"b:212:31:212:40:212:40:212:Infinity":18,"f:223:9:223:Infinity":1,"s:227:28:227:30":106,"b:229:2:229:Infinity:undefined:undefined:undefined:undefined":19,"s:229:2:229:Infinity":107,"s:229:38:229:Infinity":108,"b:230:2:230:Infinity:undefined:undefined:undefined:undefined":20,"s:230:2:230:Infinity":109,"s:230:38:230:Infinity":110,"s:231:2:231:Infinity":111,"f:234:9:234:24":2,"s:235:2:242:Infinity":112}}}
,"/Users/olive/Coding/GitHub/wheels/src/game/rules/xp.ts": {"path":"/Users/olive/Coding/GitHub/wheels/src/game/rules/xp.ts","statementMap":{"0":{"start":{"line":3,"column":28},"end":{"line":3,"column":null}},"1":{"start":{"line":9,"column":29},"end":{"line":9,"column":31}},"2":{"start":{"line":10,"column":14},"end":{"line":10,"column":null}},"3":{"start":{"line":11,"column":16},"end":{"line":11,"column":null}},"4":{"start":{"line":13,"column":2},"end":{"line":36,"column":null}},"5":{"start":{"line":14,"column":4},"end":{"line":14,"column":null}},"6":{"start":{"line":16,"column":4},"end":{"line":36,"column":null}},"7":{"start":{"line":17,"column":6},"end":{"line":17,"column":null}},"8":{"start":{"line":18,"column":6},"end":{"line":22,"column":null}},"9":{"start":{"line":23,"column":15},"end":{"line":36,"column":null}},"10":{"start":{"line":24,"column":6},"end":{"line":24,"column":null}},"11":{"start":{"line":25,"column":6},"end":{"line":29,"column":null}},"12":{"start":{"line":32,"column":6},"end":{"line":36,"column":null}},"13":{"start":{"line":40,"column":2},"end":{"line":43,"column":null}},"14":{"start":{"line":49,"column":17},"end":{"line":49,"column":null}},"15":{"start":{"line":50,"column":21},"end":{"line":50,"column":59}},"16":{"start":{"line":51,"column":29},"end":{"line":56,"column":null}},"17":{"start":{"line":59,"column":2},"end":{"line":62,"column":null}}},"fnMap":{"0":{"name":"addXp","decl":{"start":{"line":5,"column":16},"end":{"line":5,"column":null}},"loc":{"start":{"line":8,"column":43},"end":{"line":43,"column":null}},"line":8},"1":{"name":"applyBomb","decl":{"start":{"line":46,"column":16},"end":{"line":46,"column":null}},"loc":{"start":{"line":48,"column":49},"end":{"line":62,"column":null}},"line":48}},"branchMap":{"0":{"loc":{"start":{"line":13,"column":2},"end":{"line":36,"column":null}},"type":"if","locations":[{"start":{"line":13,"column":2},"end":{"line":36,"column":null}},{"start":{},"end":{}}],"line":13},"1":{"loc":{"start":{"line":16,"column":4},"end":{"line":36,"column":null}},"type":"if","locations":[{"start":{"line":16,"column":4},"end":{"line":36,"column":null}},{"start":{"line":23,"column":15},"end":{"line":36,"column":null}}],"line":16},"2":{"loc":{"start":{"line":23,"column":15},"end":{"line":36,"column":null}},"type":"if","locations":[{"start":{"line":23,"column":15},"end":{"line":36,"column":null}},{"start":{"line":30,"column":11},"end":{"line":36,"column":null}}],"line":23}},"s":{"0":2,"1":22,"2":22,"3":22,"4":22,"5":8,"6":8,"7":4,"8":4,"9":4,"10":1,"11":1,"12":3,"13":22,"14":4,"15":4,"16":4,"17":4},"f":{"0":22,"1":4},"b":{"0":[8,14],"1":[4,4],"2":[1,3]},"meta":{"lastBranch":3,"lastFunction":2,"lastStatement":18,"seen":{"s:3:28:3:Infinity":0,"f:5:16:5:Infinity":0,"s:9:29:9:31":1,"s:10:14:10:Infinity":2,"s:11:16:11:Infinity":3,"b:13:2:36:Infinity:undefined:undefined:undefined:undefined":0,"s:13:2:36:Infinity":4,"s:14:4:14:Infinity":5,"b:16:4:36:Infinity:23:15:36:Infinity":1,"s:16:4:36:Infinity":6,"s:17:6:17:Infinity":7,"s:18:6:22:Infinity":8,"b:23:15:36:Infinity:30:11:36:Infinity":2,"s:23:15:36:Infinity":9,"s:24:6:24:Infinity":10,"s:25:6:29:Infinity":11,"s:32:6:36:Infinity":12,"s:40:2:43:Infinity":13,"f:46:16:46:Infinity":1,"s:49:17:49:Infinity":14,"s:50:21:50:59":15,"s:51:29:56:Infinity":16,"s:59:2:62:Infinity":17}}}
}
